[2021-11-21 23:10:36] local.ERROR: SQLSTATE[23000]: Integrity constraint violation: 1062 Duplicate entry '387696052' for key 'usuarios.usuarios_st_rg_unique' (SQL: insert into `usuarios` (`st_nome`, `st_rg`, `st_token`, `st_senha`) values (Vitor, 387696052, $2y$10$nNU60iYFJB19P9mMc1OSyOgQnZitkQ/PhPBVt/b0hfxRGl0ePv1ZW, $2y$10$KRuGfyxzH.PPxBRMjkH8Huf7kB9Nb8DtTqGn7XPG40MkNLSMWaEky)) {"exception":"[object] (Illuminate\\Database\\QueryException(code: 23000): SQLSTATE[23000]: Integrity constraint violation: 1062 Duplicate entry '387696052' for key 'usuarios.usuarios_st_rg_unique' (SQL: insert into `usuarios` (`st_nome`, `st_rg`, `st_token`, `st_senha`) values (Vitor, 387696052, $2y$10$nNU60iYFJB19P9mMc1OSyOgQnZitkQ/PhPBVt/b0hfxRGl0ePv1ZW, $2y$10$KRuGfyxzH.PPxBRMjkH8Huf7kB9Nb8DtTqGn7XPG40MkNLSMWaEky)) at /home/Vitor.Abreu/bilheteriaonline/vendor/illuminate/database/Connection.php:692)
[stacktrace]
#0 /home/Vitor.Abreu/bilheteriaonline/vendor/illuminate/database/Connection.php(652): Illuminate\\Database\\Connection->runQueryCallback()
#1 /home/Vitor.Abreu/bilheteriaonline/vendor/illuminate/database/Connection.php(486): Illuminate\\Database\\Connection->run()
#2 /home/Vitor.Abreu/bilheteriaonline/vendor/illuminate/database/Connection.php(438): Illuminate\\Database\\Connection->statement()
#3 /home/Vitor.Abreu/bilheteriaonline/vendor/illuminate/database/Query/Processors/Processor.php(32): Illuminate\\Database\\Connection->insert()
#4 /home/Vitor.Abreu/bilheteriaonline/vendor/illuminate/database/Query/Builder.php(2964): Illuminate\\Database\\Query\\Processors\\Processor->processInsertGetId()
#5 /home/Vitor.Abreu/bilheteriaonline/vendor/illuminate/database/Eloquent/Builder.php(1641): Illuminate\\Database\\Query\\Builder->insertGetId()
#6 /home/Vitor.Abreu/bilheteriaonline/vendor/illuminate/database/Eloquent/Model.php(1180): Illuminate\\Database\\Eloquent\\Builder->__call()
#7 /home/Vitor.Abreu/bilheteriaonline/vendor/illuminate/database/Eloquent/Model.php(1145): Illuminate\\Database\\Eloquent\\Model->insertAndSetId()
#8 /home/Vitor.Abreu/bilheteriaonline/vendor/illuminate/database/Eloquent/Model.php(986): Illuminate\\Database\\Eloquent\\Model->performInsert()
#9 /home/Vitor.Abreu/bilheteriaonline/app/Http/Controllers/UsuariosController.php(52): Illuminate\\Database\\Eloquent\\Model->save()
#10 /home/Vitor.Abreu/bilheteriaonline/vendor/illuminate/container/BoundMethod.php(36): App\\Http\\Controllers\\UsuariosController->store()
#11 /home/Vitor.Abreu/bilheteriaonline/vendor/illuminate/container/Util.php(40): Illuminate\\Container\\BoundMethod::Illuminate\\Container\\{closure}()
#12 /home/Vitor.Abreu/bilheteriaonline/vendor/illuminate/container/BoundMethod.php(93): Illuminate\\Container\\Util::unwrapIfClosure()
#13 /home/Vitor.Abreu/bilheteriaonline/vendor/illuminate/container/BoundMethod.php(37): Illuminate\\Container\\BoundMethod::callBoundMethod()
#14 /home/Vitor.Abreu/bilheteriaonline/vendor/illuminate/container/Container.php(651): Illuminate\\Container\\BoundMethod::call()
#15 /home/Vitor.Abreu/bilheteriaonline/vendor/laravel/lumen-framework/src/Concerns/RoutesRequests.php(389): Illuminate\\Container\\Container->call()
#16 /home/Vitor.Abreu/bilheteriaonline/vendor/laravel/lumen-framework/src/Concerns/RoutesRequests.php(355): Laravel\\Lumen\\Application->callControllerCallable()
#17 /home/Vitor.Abreu/bilheteriaonline/vendor/laravel/lumen-framework/src/Concerns/RoutesRequests.php(329): Laravel\\Lumen\\Application->callLumenController()
#18 /home/Vitor.Abreu/bilheteriaonline/vendor/laravel/lumen-framework/src/Concerns/RoutesRequests.php(282): Laravel\\Lumen\\Application->callControllerAction()
#19 /home/Vitor.Abreu/bilheteriaonline/vendor/laravel/lumen-framework/src/Concerns/RoutesRequests.php(267): Laravel\\Lumen\\Application->callActionOnArrayBasedRoute()
#20 /home/Vitor.Abreu/bilheteriaonline/vendor/laravel/lumen-framework/src/Concerns/RoutesRequests.php(169): Laravel\\Lumen\\Application->handleFoundRoute()
#21 /home/Vitor.Abreu/bilheteriaonline/vendor/laravel/lumen-framework/src/Concerns/RoutesRequests.php(429): Laravel\\Lumen\\Application->Laravel\\Lumen\\Concerns\\{closure}()
#22 /home/Vitor.Abreu/bilheteriaonline/vendor/laravel/lumen-framework/src/Concerns/RoutesRequests.php(175): Laravel\\Lumen\\Application->sendThroughPipeline()
#23 /home/Vitor.Abreu/bilheteriaonline/vendor/laravel/lumen-framework/src/Concerns/RoutesRequests.php(112): Laravel\\Lumen\\Application->dispatch()
#24 /home/Vitor.Abreu/bilheteriaonline/public/index.php(28): Laravel\\Lumen\\Application->run()
#25 {main}

[previous exception] [object] (PDOException(code: 23000): SQLSTATE[23000]: Integrity constraint violation: 1062 Duplicate entry '387696052' for key 'usuarios.usuarios_st_rg_unique' at /home/Vitor.Abreu/bilheteriaonline/vendor/illuminate/database/Connection.php:485)
[stacktrace]
#0 /home/Vitor.Abreu/bilheteriaonline/vendor/illuminate/database/Connection.php(485): PDOStatement->execute()
#1 /home/Vitor.Abreu/bilheteriaonline/vendor/illuminate/database/Connection.php(685): Illuminate\\Database\\Connection->Illuminate\\Database\\{closure}()
#2 /home/Vitor.Abreu/bilheteriaonline/vendor/illuminate/database/Connection.php(652): Illuminate\\Database\\Connection->runQueryCallback()
#3 /home/Vitor.Abreu/bilheteriaonline/vendor/illuminate/database/Connection.php(486): Illuminate\\Database\\Connection->run()
#4 /home/Vitor.Abreu/bilheteriaonline/vendor/illuminate/database/Connection.php(438): Illuminate\\Database\\Connection->statement()
#5 /home/Vitor.Abreu/bilheteriaonline/vendor/illuminate/database/Query/Processors/Processor.php(32): Illuminate\\Database\\Connection->insert()
#6 /home/Vitor.Abreu/bilheteriaonline/vendor/illuminate/database/Query/Builder.php(2964): Illuminate\\Database\\Query\\Processors\\Processor->processInsertGetId()
#7 /home/Vitor.Abreu/bilheteriaonline/vendor/illuminate/database/Eloquent/Builder.php(1641): Illuminate\\Database\\Query\\Builder->insertGetId()
#8 /home/Vitor.Abreu/bilheteriaonline/vendor/illuminate/database/Eloquent/Model.php(1180): Illuminate\\Database\\Eloquent\\Builder->__call()
#9 /home/Vitor.Abreu/bilheteriaonline/vendor/illuminate/database/Eloquent/Model.php(1145): Illuminate\\Database\\Eloquent\\Model->insertAndSetId()
#10 /home/Vitor.Abreu/bilheteriaonline/vendor/illuminate/database/Eloquent/Model.php(986): Illuminate\\Database\\Eloquent\\Model->performInsert()
#11 /home/Vitor.Abreu/bilheteriaonline/app/Http/Controllers/UsuariosController.php(52): Illuminate\\Database\\Eloquent\\Model->save()
#12 /home/Vitor.Abreu/bilheteriaonline/vendor/illuminate/container/BoundMethod.php(36): App\\Http\\Controllers\\UsuariosController->store()
#13 /home/Vitor.Abreu/bilheteriaonline/vendor/illuminate/container/Util.php(40): Illuminate\\Container\\BoundMethod::Illuminate\\Container\\{closure}()
#14 /home/Vitor.Abreu/bilheteriaonline/vendor/illuminate/container/BoundMethod.php(93): Illuminate\\Container\\Util::unwrapIfClosure()
#15 /home/Vitor.Abreu/bilheteriaonline/vendor/illuminate/container/BoundMethod.php(37): Illuminate\\Container\\BoundMethod::callBoundMethod()
#16 /home/Vitor.Abreu/bilheteriaonline/vendor/illuminate/container/Container.php(651): Illuminate\\Container\\BoundMethod::call()
#17 /home/Vitor.Abreu/bilheteriaonline/vendor/laravel/lumen-framework/src/Concerns/RoutesRequests.php(389): Illuminate\\Container\\Container->call()
#18 /home/Vitor.Abreu/bilheteriaonline/vendor/laravel/lumen-framework/src/Concerns/RoutesRequests.php(355): Laravel\\Lumen\\Application->callControllerCallable()
#19 /home/Vitor.Abreu/bilheteriaonline/vendor/laravel/lumen-framework/src/Concerns/RoutesRequests.php(329): Laravel\\Lumen\\Application->callLumenController()
#20 /home/Vitor.Abreu/bilheteriaonline/vendor/laravel/lumen-framework/src/Concerns/RoutesRequests.php(282): Laravel\\Lumen\\Application->callControllerAction()
#21 /home/Vitor.Abreu/bilheteriaonline/vendor/laravel/lumen-framework/src/Concerns/RoutesRequests.php(267): Laravel\\Lumen\\Application->callActionOnArrayBasedRoute()
#22 /home/Vitor.Abreu/bilheteriaonline/vendor/laravel/lumen-framework/src/Concerns/RoutesRequests.php(169): Laravel\\Lumen\\Application->handleFoundRoute()
#23 /home/Vitor.Abreu/bilheteriaonline/vendor/laravel/lumen-framework/src/Concerns/RoutesRequests.php(429): Laravel\\Lumen\\Application->Laravel\\Lumen\\Concerns\\{closure}()
#24 /home/Vitor.Abreu/bilheteriaonline/vendor/laravel/lumen-framework/src/Concerns/RoutesRequests.php(175): Laravel\\Lumen\\Application->sendThroughPipeline()
#25 /home/Vitor.Abreu/bilheteriaonline/vendor/laravel/lumen-framework/src/Concerns/RoutesRequests.php(112): Laravel\\Lumen\\Application->dispatch()
#26 /home/Vitor.Abreu/bilheteriaonline/public/index.php(28): Laravel\\Lumen\\Application->run()
#27 {main}
"} 
